TN:
SF:contracts/InvestmentHandler.sol
FN:204,InvestmentHandler.defaultPauseConfig
FNDA:0,InvestmentHandler.defaultPauseConfig
DA:205,0
DA:206,0
DA:207,0
DA:208,0
FN:279,InvestmentHandler.claim
FNDA:588,InvestmentHandler.claim
DA:287,332
DA:288,332
DA:290,332
DA:291,332
DA:293,332
DA:295,332
FN:304,InvestmentHandler.invest
FNDA:593,InvestmentHandler.invest
DA:307,337
DA:308,337
DA:310,337
DA:311,337
DA:312,337
DA:316,337
DA:317,337
DA:319,337
FN:332,InvestmentHandler.addAddressToKycAddressNetwork
FNDA:10,InvestmentHandler.addAddressToKycAddressNetwork
DA:335,10
BRDA:335,0,0,1
BRDA:335,0,1,9
DA:336,1
DA:339,9
DA:340,9
DA:342,9
FN:350,InvestmentHandler.removeAddressFromKycAddressNetwork
FNDA:2,InvestmentHandler.removeAddressFromKycAddressNetwork
DA:353,2
BRDA:353,1,0,1
BRDA:353,1,1,1
DA:354,1
DA:357,1
DA:358,1
DA:360,1
FN:370,InvestmentHandler.getTotalInvestedForInvestment
FNDA:118,InvestmentHandler.getTotalInvestedForInvestment
DA:374,118
FN:380,InvestmentHandler.getTotalClaimedForInvestment
FNDA:118,InvestmentHandler.getTotalClaimedForInvestment
DA:384,118
FN:390,InvestmentHandler.computeUserTotalAllocationForInvesment
FNDA:513,InvestmentHandler.computeUserTotalAllocationForInvesment
DA:394,513
DA:395,513
DA:397,513
DA:398,513
BRDA:398,2,0,485
BRDA:398,2,1,28
DA:400,28
DA:401,28
DA:403,28
FN:412,InvestmentHandler.computeUserClaimableAllocationForInvestment
FNDA:782,InvestmentHandler.computeUserClaimableAllocationForInvestment
DA:416,1370
DA:417,1370
BRDA:417,3,0,244
BRDA:417,3,1,1126
DA:419,1126
DA:420,1126
DA:422,1126
DA:424,1126
DA:426,1126
DA:432,1126
FN:445,InvestmentHandler.investmentIsOpen
FNDA:256,InvestmentHandler.investmentIsOpen
DA:446,593
FN:453,InvestmentHandler._signatureCheck
FNDA:593,InvestmentHandler._signatureCheck
DA:454,593
DA:456,593
DA:457,593
FN:478,InvestmentHandler._phaseCheck
FNDA:337,InvestmentHandler._phaseCheck
DA:479,337
FN:486,InvestmentHandler._paymentTokenAllowanceCheck
FNDA:337,InvestmentHandler._paymentTokenAllowanceCheck
DA:487,337
DA:488,337
FN:497,InvestmentHandler._contributionLimitCheck
FNDA:337,InvestmentHandler._contributionLimitCheck
DA:498,337
DA:500,337
DA:501,337
FN:517,InvestmentHandler.addInvestment
FNDA:277,InvestmentHandler.addInvestment
DA:524,20
DA:535,20
FN:541,InvestmentHandler.setInvestmentContributionPhase
FNDA:276,InvestmentHandler.setInvestmentContributionPhase
DA:546,20
DA:547,20
FN:554,InvestmentHandler.setInvestmentPaymentTokenAddress
FNDA:258,InvestmentHandler.setInvestmentPaymentTokenAddress
DA:559,2
BRDA:559,4,0,1
BRDA:559,4,1,1
DA:560,1
DA:563,1
DA:565,1
FN:571,InvestmentHandler.setInvestmentProjectTokenAddress
FNDA:276,InvestmentHandler.setInvestmentProjectTokenAddress
DA:576,20
DA:577,20
FN:583,InvestmentHandler.setInvestmentProjectTokenAllocation
FNDA:276,InvestmentHandler.setInvestmentProjectTokenAllocation
DA:588,20
DA:589,20
FN:595,InvestmentHandler.setFunctionIsPaused
FNDA:6,InvestmentHandler.setFunctionIsPaused
DA:599,6
FN:605,InvestmentHandler.batchSetFunctionIsPaused
FNDA:1,InvestmentHandler.batchSetFunctionIsPaused
DA:609,1
FN:618,InvestmentHandler.manualAddContribution
FNDA:257,InvestmentHandler.manualAddContribution
DA:624,11
BRDA:624,5,0,-
BRDA:624,5,1,11
DA:625,0
DA:628,11
DA:631,11
DA:633,11
FN:637,InvestmentHandler.batchManualAddContribution
FNDA:2,InvestmentHandler.batchManualAddContribution
DA:644,2
DA:645,1
BRDA:643,6,0,1
BRDA:643,6,1,1
DA:647,1
DA:650,1
DA:651,10
FN:666,InvestmentHandler.refundUser
FNDA:259,InvestmentHandler.refundUser
DA:673,3
BRDA:673,7,0,-
BRDA:673,7,1,3
DA:674,0
DA:678,3
BRDA:678,8,0,1
BRDA:678,8,1,2
DA:679,1
DA:683,2
BRDA:683,9,0,1
BRDA:683,9,1,1
DA:684,1
DA:687,1
DA:690,1
DA:691,1
DA:693,1
FN:699,InvestmentHandler.transferPaymentToken
FNDA:259,InvestmentHandler.transferPaymentToken
DA:705,3
BRDA:705,10,0,1
BRDA:705,10,1,2
DA:706,1
DA:709,2
BRDA:709,11,0,-
BRDA:709,11,1,2
DA:710,0
DA:713,2
BRDA:713,12,0,1
BRDA:713,12,1,1
DA:714,1
DA:717,1
DA:719,1
FN:725,InvestmentHandler.recoverERC20
FNDA:258,InvestmentHandler.recoverERC20
DA:731,2
BRDA:731,13,0,1
BRDA:731,13,1,1
DA:732,1
DA:734,1
DA:735,1
FNF:26
FNH:25
LF:101
LH:94
BRF:28
BRH:25
end_of_record
TN:
SF:contracts/mock/MockERC20.sol
FN:12,MockERC20.mint
FNDA:5,MockERC20.mint
DA:13,5
FNF:1
FNH:1
LF:1
LH:1
BRF:0
BRH:0
end_of_record
TN:
SF:script/DeployInvestmentHandler.s.sol
FN:20,DeployInvestmentHandler.run
FNDA:0,DeployInvestmentHandler.run
DA:21,0
DA:23,0
DA:31,0
DA:32,0
FNF:1
FNH:0
LF:4
LH:0
BRF:0
BRH:0
end_of_record
TN:
SF:test/HandlerForInvestmentHandler.sol
FN:29,HandlerForInvestmentHandler.claim
FNDA:0,HandlerForInvestmentHandler.claim
DA:33,0
FN:36,HandlerForInvestmentHandler.invest
FNDA:0,HandlerForInvestmentHandler.invest
DA:40,0
DA:41,0
FN:44,HandlerForInvestmentHandler.addAddressToKycAddressNetwork
FNDA:0,HandlerForInvestmentHandler.addAddressToKycAddressNetwork
DA:45,0
FN:48,HandlerForInvestmentHandler.computeUserClaimableAllocationForInvestment
FNDA:0,HandlerForInvestmentHandler.computeUserClaimableAllocationForInvestment
DA:52,0
FN:55,HandlerForInvestmentHandler.addInvestment
FNDA:0,HandlerForInvestmentHandler.addInvestment
DA:62,0
DA:68,0
FN:76,HandlerForInvestmentHandler.setInvestmentContributionPhase
FNDA:0,HandlerForInvestmentHandler.setInvestmentContributionPhase
DA:82,0
FN:85,HandlerForInvestmentHandler.setInvestmentProjectTokenAddress
FNDA:0,HandlerForInvestmentHandler.setInvestmentProjectTokenAddress
DA:91,0
FN:98,HandlerForInvestmentHandler.setInvestmentProjectTokenAllocation
FNDA:0,HandlerForInvestmentHandler.setInvestmentProjectTokenAllocation
DA:104,0
DA:105,0
DA:106,0
DA:108,0
DA:109,0
DA:111,0
FN:118,HandlerForInvestmentHandler.latestInvestmentId
FNDA:0,HandlerForInvestmentHandler.latestInvestmentId
DA:119,0
FN:122,HandlerForInvestmentHandler.getTotalInvestedForInvestment
FNDA:0,HandlerForInvestmentHandler.getTotalInvestedForInvestment
DA:126,0
FN:129,HandlerForInvestmentHandler.getTotalClaimedForInvestment
FNDA:0,HandlerForInvestmentHandler.getTotalClaimedForInvestment
DA:133,0
FNF:11
FNH:0
LF:18
LH:0
BRF:0
BRH:0
end_of_record
TN:
SF:test/InvestmentHandler.fuzz.t.sol
FN:110,InvestmentHandlerInvariantTests_Open.setUp
FNDA:0,InvestmentHandlerInvariantTests_Open.setUp
DA:111,0
DA:112,0
DA:119,0
DA:120,0
DA:121,0
DA:123,0
DA:125,0
DA:126,0
DA:127,0
DA:128,0
DA:129,0
DA:131,0
FN:139,InvestmentHandlerInvariantTests_Open.invariant_open_contractPaymentTokenBalanceIsEqualToDeposits
FNDA:0,InvestmentHandlerInvariantTests_Open.invariant_open_contractPaymentTokenBalanceIsEqualToDeposits
DA:140,0
FN:146,InvestmentHandlerInvariantTests_Open.invariant_open_contractProjectTokenBalanceIsEqualToDepositsMinusClaims
FNDA:0,InvestmentHandlerInvariantTests_Open.invariant_open_contractProjectTokenBalanceIsEqualToDepositsMinusClaims
DA:147,0
DA:148,0
DA:154,0
DA:155,0
FN:165,InvestmentHandlerInvariantTests_Open.invariant_open_constantProjectTokenToPaymentTokenRatioPerProject
FNDA:0,InvestmentHandlerInvariantTests_Open.invariant_open_constantProjectTokenToPaymentTokenRatioPerProject
DA:166,0
DA:172,0
FN:34,InvestmentHandlerInvariantTests_Bound.setUp
FNDA:0,InvestmentHandlerInvariantTests_Bound.setUp
DA:35,0
DA:36,0
DA:43,0
DA:44,0
DA:45,0
DA:46,0
DA:48,0
DA:50,0
DA:51,0
DA:52,0
DA:53,0
DA:54,0
FN:61,InvestmentHandlerInvariantTests_Bound.invariant_contractPaymentTokenBalanceIsEqualToDeposits
FNDA:0,InvestmentHandlerInvariantTests_Bound.invariant_contractPaymentTokenBalanceIsEqualToDeposits
DA:62,0
FN:71,InvestmentHandlerInvariantTests_Bound.invariant_contractProjectTokenBalanceIsEqualToDepositsMinusClaims
FNDA:0,InvestmentHandlerInvariantTests_Bound.invariant_contractProjectTokenBalanceIsEqualToDepositsMinusClaims
DA:72,0
DA:73,0
DA:79,0
DA:80,0
FN:90,InvestmentHandlerInvariantTests_Bound.invariant_constantProjectTokenToPaymentTokenRatioPerProject
FNDA:0,InvestmentHandlerInvariantTests_Bound.invariant_constantProjectTokenToPaymentTokenRatioPerProject
DA:91,0
DA:97,0
FNF:8
FNH:0
LF:38
LH:0
BRF:0
BRH:0
end_of_record
TN:
SF:test/InvestmentHandlerTestSetup.sol
FN:88,InvestmentHandlerTestSetup.generateUserAddressListAndDealEtherAndMockStable
FNDA:0,InvestmentHandlerTestSetup.generateUserAddressListAndDealEtherAndMockStable
DA:89,0
DA:90,0
DA:91,0
DA:92,0
DA:94,0
DA:95,0
DA:97,0
DA:98,0
DA:100,0
FN:106,InvestmentHandlerTestSetup.toBytesConcat
FNDA:0,InvestmentHandlerTestSetup.toBytesConcat
DA:107,0
DA:108,0
DA:109,0
DA:110,0
DA:112,0
DA:113,0
FN:116,InvestmentHandlerTestSetup.prefixed
FNDA:0,InvestmentHandlerTestSetup.prefixed
DA:117,0
FN:120,InvestmentHandlerTestSetup.getSignature
FNDA:0,InvestmentHandlerTestSetup.getSignature
DA:126,0
DA:127,0
DA:128,0
DA:129,0
DA:130,0
DA:132,0
BRDA:132,0,0,-
BRDA:132,0,1,-
DA:133,0
DA:134,0
DA:137,0
FN:140,InvestmentHandlerTestSetup.advanceBlockNumberAndTimestamp
FNDA:0,InvestmentHandlerTestSetup.advanceBlockNumberAndTimestamp
DA:141,0
DA:142,0
DA:143,0
DA:145,0
DA:146,0
FN:153,InvestmentHandlerTestSetup.createInvestment
FNDA:0,InvestmentHandlerTestSetup.createInvestment
DA:154,0
DA:155,0
DA:161,0
DA:162,0
DA:167,0
DA:172,0
DA:177,0
FN:180,InvestmentHandlerTestSetup.mintProjectTokensToInvestmentHandler
FNDA:0,InvestmentHandlerTestSetup.mintProjectTokensToInvestmentHandler
DA:181,0
DA:182,0
DA:183,0
FN:186,InvestmentHandlerTestSetup.usersInvestRandomAmounts
FNDA:0,InvestmentHandlerTestSetup.usersInvestRandomAmounts
DA:187,0
DA:188,0
DA:191,0
FN:195,InvestmentHandlerTestSetup.userInvest
FNDA:0,InvestmentHandlerTestSetup.userInvest
DA:201,0
DA:202,0
DA:203,0
DA:205,0
BRDA:205,1,0,-
BRDA:205,1,1,-
DA:206,0
DA:207,0
DA:208,0
DA:211,0
DA:212,0
DA:214,0
DA:223,0
DA:224,0
DA:227,0
DA:228,0
FN:231,InvestmentHandlerTestSetup.userClaim
FNDA:0,InvestmentHandlerTestSetup.userClaim
DA:232,0
DA:237,0
BRDA:237,2,0,-
BRDA:237,2,1,-
DA:238,0
DA:241,0
DA:242,0
DA:248,0
DA:249,0
DA:252,0
DA:253,0
FN:256,InvestmentHandlerTestSetup.usersClaimRandomAmounts
FNDA:0,InvestmentHandlerTestSetup.usersClaimRandomAmounts
DA:257,0
DA:258,0
DA:262,0
BRDA:262,3,0,-
BRDA:262,3,1,-
DA:263,0
FN:268,InvestmentHandlerTestSetup.transferProjectTokensToInvestmentHandler
FNDA:0,InvestmentHandlerTestSetup.transferProjectTokensToInvestmentHandler
DA:269,0
DA:270,0
DA:271,0
DA:273,0
FN:276,InvestmentHandlerTestSetup.getProjectToPaymentTokenRatioRandomAddress
FNDA:0,InvestmentHandlerTestSetup.getProjectToPaymentTokenRatioRandomAddress
DA:277,0
DA:278,0
DA:282,0
DA:286,0
DA:290,0
DA:291,0
FN:301,InvestmentHandlerTestSetup.createInvestment_HandlerForInvestmentHandler
FNDA:0,InvestmentHandlerTestSetup.createInvestment_HandlerForInvestmentHandler
DA:302,0
DA:309,0
DA:310,0
DA:316,0
DA:322,0
FN:330,InvestmentHandlerTestSetup.usersInvestRandomAmounts_HandlerForInvestmentHandler
FNDA:0,InvestmentHandlerTestSetup.usersInvestRandomAmounts_HandlerForInvestmentHandler
DA:331,0
DA:332,0
DA:335,0
FN:345,InvestmentHandlerTestSetup.userInvest_HandlerForInvestmentHandler
FNDA:0,InvestmentHandlerTestSetup.userInvest_HandlerForInvestmentHandler
DA:352,0
DA:353,0
DA:354,0
DA:356,0
BRDA:356,4,0,-
BRDA:356,4,1,-
DA:357,0
DA:360,0
DA:361,0
DA:362,0
DA:364,0
DA:373,0
DA:376,0
DA:377,0
FN:380,InvestmentHandlerTestSetup.userClaim_HandlerForInvestmentHandler
FNDA:0,InvestmentHandlerTestSetup.userClaim_HandlerForInvestmentHandler
DA:385,0
DA:390,0
BRDA:390,5,0,-
BRDA:390,5,1,-
DA:391,0
DA:394,0
DA:401,0
DA:404,0
DA:405,0
FN:408,InvestmentHandlerTestSetup.usersClaimRandomAmounts_HandlerForInvestmentHandler
FNDA:0,InvestmentHandlerTestSetup.usersClaimRandomAmounts_HandlerForInvestmentHandler
DA:409,0
DA:410,0
DA:414,0
BRDA:414,6,0,-
BRDA:414,6,1,-
DA:415,0
FN:420,InvestmentHandlerTestSetup.transferProjectTokensTo_HandlerForInvestmentHandler
FNDA:0,InvestmentHandlerTestSetup.transferProjectTokensTo_HandlerForInvestmentHandler
DA:421,0
DA:422,0
DA:423,0
DA:424,0
DA:427,0
FN:430,InvestmentHandlerTestSetup.getProjectToPaymentTokenRatioRandomAddress_HandlerForInvestmentHandler
FNDA:0,InvestmentHandlerTestSetup.getProjectToPaymentTokenRatioRandomAddress_HandlerForInvestmentHandler
DA:433,0
DA:434,0
DA:435,0
DA:439,0
DA:440,0
DA:441,0
FNF:20
FNH:0
LF:122
LH:0
BRF:14
BRH:0
end_of_record
