TN:
SF:contracts/auth/VVVAuthorizationRegistry.sol
FN:16,VVVAuthorizationRegistry.
FNDA:51,VVVAuthorizationRegistry.
FN:28,VVVAuthorizationRegistry.isAuthorized
FNDA:6,VVVAuthorizationRegistry.isAuthorized
DA:33,6
DA:34,6
DA:35,6
FN:45,VVVAuthorizationRegistry.setPermission
FNDA:19,VVVAuthorizationRegistry.setPermission
DA:50,19
DA:51,19
FN:55,VVVAuthorizationRegistry._keyFromAddressAndSelector
FNDA:25,VVVAuthorizationRegistry._keyFromAddressAndSelector
DA:59,25
FNF:4
FNH:4
LF:6
LH:6
BRF:0
BRH:0
end_of_record
TN:
SF:contracts/auth/VVVAuthorizationRegistryChecker.sol
FN:19,VVVAuthorizationRegistryChecker.
FNDA:0,VVVAuthorizationRegistryChecker.
DA:20,0
FN:24,VVVAuthorizationRegistryChecker.onlyAuthorized
FNDA:6,VVVAuthorizationRegistryChecker.onlyAuthorized
DA:25,6
BRDA:25,0,0,6
BRDA:25,0,1,5
DA:26,1
FNF:2
FNH:1
LF:3
LH:2
BRF:2
BRH:2
end_of_record
TN:
SF:contracts/mock/MockERC20.sol
FN:9,MockERC20.
FNDA:6,MockERC20.
DA:10,4
DA:11,4
DA:12,6
FN:15,MockERC20.mint
FNDA:26553,MockERC20.mint
DA:16,26553
FN:19,MockERC20.decimals
FNDA:0,MockERC20.decimals
DA:20,0
FNF:3
FNH:2
LF:5
LH:4
BRF:0
BRH:0
end_of_record
TN:
SF:contracts/mock/MockERC20_AuthRegistry.sol
FN:10,MockERC20.
FNDA:0,MockERC20.
DA:14,0
DA:15,0
DA:16,0
FN:19,MockERC20.mint
FNDA:0,MockERC20.mint
DA:20,0
FN:23,MockERC20.decimals
FNDA:0,MockERC20.decimals
DA:24,0
FN:27,MockERC20.mintWithAuth
FNDA:0,MockERC20.mintWithAuth
DA:28,0
FNF:4
FNH:0
LF:6
LH:0
BRF:0
BRH:0
end_of_record
TN:
SF:contracts/mock/MockERC721.sol
FN:9,MockERC721.
FNDA:0,MockERC721.
FN:11,MockERC721.safeMint
FNDA:0,MockERC721.safeMint
DA:12,0
DA:13,0
FNF:2
FNH:0
LF:2
LH:0
BRF:0
BRH:0
end_of_record
TN:
SF:contracts/nodes/VVVNodes.sol
FN:109,VVVNodes.
FNDA:0,VVVNodes.
DA:114,0
DA:115,0
DA:116,0
FN:120,VVVNodes.adminMint
FNDA:0,VVVNodes.adminMint
DA:121,0
DA:122,0
BRDA:122,0,0,-
BRDA:122,0,1,-
DA:124,0
DA:125,0
DA:126,0
DA:127,0
DA:128,0
DA:129,0
DA:131,0
DA:140,0
DA:141,0
FN:151,VVVNodes.stake
FNDA:0,VVVNodes.stake
DA:152,0
BRDA:152,1,0,-
BRDA:152,1,1,-
DA:153,0
BRDA:153,2,0,-
BRDA:153,2,1,-
DA:154,0
DA:158,0
DA:159,0
BRDA:157,3,0,-
BRDA:157,3,1,-
DA:161,0
DA:162,0
DA:165,0
DA:167,0
FN:171,VVVNodes.unstake
FNDA:0,VVVNodes.unstake
DA:172,0
BRDA:172,4,0,-
BRDA:172,4,1,-
DA:173,0
BRDA:173,5,0,-
BRDA:173,5,1,-
DA:174,0
DA:177,0
DA:178,0
BRDA:176,6,0,-
BRDA:176,6,1,-
DA:180,0
DA:183,0
DA:185,0
DA:186,0
BRDA:186,7,0,-
BRDA:186,7,1,-
DA:188,0
FN:192,VVVNodes.claim
FNDA:0,VVVNodes.claim
DA:193,0
BRDA:193,8,0,-
BRDA:193,8,1,-
DA:194,0
DA:196,0
DA:197,0
DA:199,0
BRDA:199,9,0,-
BRDA:199,9,1,-
DA:200,0
DA:203,0
DA:205,0
DA:206,0
BRDA:206,10,0,-
BRDA:206,10,1,-
DA:208,0
DA:209,0
FN:213,VVVNodes.batchClaim
FNDA:0,VVVNodes.batchClaim
DA:214,0
DA:215,0
FN:220,VVVNodes.depositLaunchpadYield
FNDA:0,VVVNodes.depositLaunchpadYield
DA:224,0
BRDA:224,11,0,-
BRDA:224,11,1,-
DA:225,0
BRDA:225,12,0,-
BRDA:225,12,1,-
DA:226,0
DA:228,0
DA:229,0
DA:230,0
DA:232,0
BRDA:232,13,0,-
BRDA:232,13,1,-
DA:234,0
DA:235,0
DA:236,0
DA:238,0
DA:241,0
BRDA:241,14,0,-
BRDA:241,14,1,-
FN:245,VVVNodes.unlockTransactionProcessingYield
FNDA:0,VVVNodes.unlockTransactionProcessingYield
DA:249,0
DA:250,0
DA:251,0
DA:254,0
BRDA:254,15,0,-
BRDA:254,15,1,-
DA:256,0
DA:259,0
BRDA:259,16,0,-
BRDA:259,16,1,-
DA:262,0
DA:266,0
DA:267,0
DA:268,0
FN:273,VVVNodes.setActivationThreshold
FNDA:0,VVVNodes.setActivationThreshold
DA:274,0
BRDA:274,17,0,-
BRDA:274,17,1,-
DA:276,0
DA:277,0
DA:279,0
DA:280,0
BRDA:278,18,0,-
BRDA:278,18,1,-
DA:282,0
DA:285,0
BRDA:285,19,0,-
BRDA:285,19,1,-
DA:287,0
DA:288,0
DA:290,0
DA:291,0
BRDA:289,20,0,-
BRDA:289,20,1,-
DA:293,0
DA:294,0
DA:299,0
DA:301,0
FN:305,VVVNodes.setMaxLaunchpadStakeAmount
FNDA:0,VVVNodes.setMaxLaunchpadStakeAmount
DA:306,0
FN:310,VVVNodes.setSoulbound
FNDA:0,VVVNodes.setSoulbound
DA:311,0
FN:315,VVVNodes.setBaseURI
FNDA:0,VVVNodes.setBaseURI
DA:316,0
FN:320,VVVNodes.withdraw
FNDA:0,VVVNodes.withdraw
DA:321,0
DA:322,0
BRDA:322,21,0,-
BRDA:322,21,1,-
FN:326,VVVNodes.isNodeActive
FNDA:0,VVVNodes.isNodeActive
DA:327,0
FN:331,VVVNodes._baseURI
FNDA:0,VVVNodes._baseURI
DA:332,0
FN:336,VVVNodes._update
FNDA:0,VVVNodes._update
DA:341,0
BRDA:341,22,0,-
BRDA:341,22,1,-
DA:342,0
FN:346,VVVNodes._updateClaimableFromVesting
FNDA:0,VVVNodes._updateClaimableFromVesting
DA:347,0
DA:349,0
DA:350,0
FN:354,VVVNodes._calculateVestedTokens
FNDA:0,VVVNodes._calculateVestedTokens
DA:355,0
DA:358,0
BRDA:358,23,0,-
BRDA:358,23,1,-
DA:360,0
DA:361,0
DA:363,0
DA:364,0
DA:368,0
FN:372,VVVNodes._isNodeActive
FNDA:0,VVVNodes._isNodeActive
DA:376,0
FNF:19
FNH:0
LF:103
LH:0
BRF:48
BRH:0
end_of_record
TN:
SF:contracts/staking/VVVERC20LaunchpadStaking.sol
FN:66,VVVERC20LaunchpadStaking.
FNDA:0,VVVERC20LaunchpadStaking.
DA:71,0
DA:72,0
FN:76,VVVERC20LaunchpadStaking.stake
FNDA:0,VVVERC20LaunchpadStaking.stake
DA:77,0
BRDA:77,0,0,-
BRDA:77,0,1,-
DA:78,0
BRDA:78,1,0,-
BRDA:78,1,1,-
DA:81,0
DA:85,0
BRDA:85,2,0,-
BRDA:85,2,1,-
DA:86,0
DA:88,0
DA:89,0
DA:91,0
DA:93,0
DA:95,0
FN:99,VVVERC20LaunchpadStaking.unstake
FNDA:0,VVVERC20LaunchpadStaking.unstake
DA:100,0
BRDA:100,3,0,-
BRDA:100,3,1,-
DA:103,0
DA:106,0
BRDA:106,4,0,-
BRDA:106,4,1,-
DA:108,0
DA:110,0
DA:111,0
DA:114,0
DA:116,0
FN:120,VVVERC20LaunchpadStaking.setStakingDurations
FNDA:0,VVVERC20LaunchpadStaking.setStakingDurations
DA:121,0
DA:122,0
FN:126,VVVERC20LaunchpadStaking.setPenaltyNumerator
FNDA:0,VVVERC20LaunchpadStaking.setPenaltyNumerator
DA:127,0
BRDA:127,5,0,-
BRDA:127,5,1,-
DA:128,0
DA:129,0
FN:133,VVVERC20LaunchpadStaking.calculatePenalty
FNDA:0,VVVERC20LaunchpadStaking.calculatePenalty
DA:134,0
DA:135,0
DA:137,0
BRDA:137,6,0,-
BRDA:137,6,1,-
DA:138,0
DA:140,0
DA:141,0
FN:146,VVVERC20LaunchpadStaking.getStakesByAddress
FNDA:0,VVVERC20LaunchpadStaking.getStakesByAddress
DA:147,0
DA:148,0
DA:149,0
BRDA:149,7,0,-
BRDA:149,7,1,-
DA:150,0
DA:153,0
DA:154,0
DA:155,0
DA:156,0
BRDA:156,8,0,-
BRDA:156,8,1,-
DA:157,0
DA:158,0
DA:161,0
FNF:7
FNH:0
LF:42
LH:0
BRF:18
BRH:0
end_of_record
TN:
SF:contracts/staking/VVVETHStaking.sol
FN:109,VVVETHStaking.
FNDA:0,VVVETHStaking.
DA:112,0
DA:113,0
DA:114,0
DA:116,0
DA:117,0
DA:118,0
FN:127,VVVETHStaking.whenStakingIsPermitted
FNDA:0,VVVETHStaking.whenStakingIsPermitted
DA:128,0
BRDA:128,0,0,-
BRDA:128,0,1,-
FN:137,VVVETHStaking.stakeEth
FNDA:0,VVVETHStaking.stakeEth
DA:140,0
DA:141,0
FN:149,VVVETHStaking.restakeEth
FNDA:0,VVVETHStaking.restakeEth
DA:153,0
DA:155,0
DA:156,0
DA:157,0
DA:165,0
DA:166,0
FN:173,VVVETHStaking.withdrawStake
FNDA:0,VVVETHStaking.withdrawStake
DA:174,0
DA:175,0
DA:177,0
DA:178,0
DA:179,0
BRDA:179,1,0,-
BRDA:179,1,1,-
DA:181,0
FN:194,VVVETHStaking.claimVvv
FNDA:0,VVVETHStaking.claimVvv
DA:195,0
DA:196,0
BRDA:196,2,0,-
BRDA:196,2,1,-
DA:198,0
DA:199,0
BRDA:199,3,0,-
BRDA:199,3,1,-
DA:201,0
DA:203,0
DA:205,0
DA:207,0
FN:211,VVVETHStaking._calculateUnclaimedSeconds
FNDA:0,VVVETHStaking._calculateUnclaimedSeconds
DA:212,0
DA:213,0
DA:214,0
DA:215,0
DA:218,0
DA:219,0
DA:222,0
DA:225,0
FN:232,VVVETHStaking._calculateClaimableVvvAmount
FNDA:0,VVVETHStaking._calculateClaimableVvvAmount
DA:236,0
DA:237,0
DA:238,0
DA:241,0
DA:242,0
DA:249,0
FN:253,VVVETHStaking.calculateClaimableVvvAmount
FNDA:0,VVVETHStaking.calculateClaimableVvvAmount
DA:254,0
DA:255,0
FN:259,VVVETHStaking.calculateAccruedVvvAmount
FNDA:0,VVVETHStaking.calculateAccruedVvvAmount
DA:260,0
DA:261,0
DA:262,0
FN:266,VVVETHStaking.ethToVvvExchangeRate
FNDA:0,VVVETHStaking.ethToVvvExchangeRate
DA:267,0
FN:271,VVVETHStaking.setDurationMultipliers
FNDA:0,VVVETHStaking.setDurationMultipliers
DA:275,0
DA:276,0
FN:281,VVVETHStaking.setNewStakesPermitted
FNDA:0,VVVETHStaking.setNewStakesPermitted
DA:282,0
FN:286,VVVETHStaking.setVvvToken
FNDA:0,VVVETHStaking.setVvvToken
DA:287,0
FN:291,VVVETHStaking.withdrawEth
FNDA:0,VVVETHStaking.withdrawEth
DA:292,0
DA:293,0
BRDA:293,4,0,-
BRDA:293,4,1,-
DA:294,0
FN:298,VVVETHStaking.withdrawVvv
FNDA:0,VVVETHStaking.withdrawVvv
DA:299,0
FN:303,VVVETHStaking._stakeEth
FNDA:0,VVVETHStaking._stakeEth
DA:304,0
BRDA:304,5,0,-
BRDA:304,5,1,-
DA:305,0
DA:307,0
DA:316,0
FN:320,VVVETHStaking._withdrawChecks
FNDA:0,VVVETHStaking._withdrawChecks
DA:321,0
BRDA:321,6,0,-
BRDA:321,6,1,-
DA:322,0
BRDA:322,7,0,-
BRDA:322,7,1,-
DA:323,0
BRDA:323,8,0,-
BRDA:323,8,1,-
DA:324,0
BRDA:324,9,0,-
BRDA:324,9,1,-
DA:325,0
FNF:18
FNH:0
LF:66
LH:0
BRF:20
BRH:0
end_of_record
TN:
SF:contracts/staking/VVVLaunchpadStaking.sol
FN:58,VVVLaunchpadStaking.
FNDA:0,VVVLaunchpadStaking.
DA:62,0
FN:66,VVVLaunchpadStaking.stake
FNDA:0,VVVLaunchpadStaking.stake
DA:67,0
BRDA:67,0,0,-
BRDA:67,0,1,-
DA:68,0
BRDA:68,1,0,-
BRDA:68,1,1,-
DA:71,0
DA:75,0
BRDA:75,2,0,-
BRDA:75,2,1,-
DA:76,0
DA:78,0
DA:79,0
DA:81,0
DA:83,0
FN:87,VVVLaunchpadStaking.unstake
FNDA:0,VVVLaunchpadStaking.unstake
DA:88,0
BRDA:88,3,0,-
BRDA:88,3,1,-
DA:91,0
DA:94,0
BRDA:94,4,0,-
BRDA:94,4,1,-
DA:96,0
DA:98,0
DA:99,0
DA:101,0
BRDA:101,5,0,-
BRDA:101,5,1,-
DA:104,0
DA:106,0
FN:110,VVVLaunchpadStaking.setStakingDurations
FNDA:0,VVVLaunchpadStaking.setStakingDurations
DA:111,0
DA:112,0
FN:116,VVVLaunchpadStaking.setPenaltyNumerator
FNDA:0,VVVLaunchpadStaking.setPenaltyNumerator
DA:117,0
BRDA:117,6,0,-
BRDA:117,6,1,-
DA:118,0
DA:119,0
FN:123,VVVLaunchpadStaking.calculatePenalty
FNDA:0,VVVLaunchpadStaking.calculatePenalty
DA:124,0
DA:125,0
DA:127,0
BRDA:127,7,0,-
BRDA:127,7,1,-
DA:128,0
DA:130,0
DA:131,0
FN:136,VVVLaunchpadStaking.getStakesByAddress
FNDA:0,VVVLaunchpadStaking.getStakesByAddress
DA:137,0
DA:138,0
DA:139,0
BRDA:139,8,0,-
BRDA:139,8,1,-
DA:140,0
DA:143,0
DA:144,0
DA:145,0
DA:146,0
BRDA:146,9,0,-
BRDA:146,9,1,-
DA:147,0
DA:148,0
DA:151,0
FNF:7
FNH:0
LF:41
LH:0
BRF:20
BRH:0
end_of_record
TN:
SF:contracts/staking/VVVS1NFTStaking.sol
FN:50,VVVS1NFTStaking.
FNDA:0,VVVS1NFTStaking.
DA:51,0
DA:52,0
DA:53,0
FN:57,VVVS1NFTStaking.stake
FNDA:0,VVVS1NFTStaking.stake
DA:58,0
DA:59,0
DA:61,0
DA:63,0
FN:67,VVVS1NFTStaking.unstake
FNDA:0,VVVS1NFTStaking.unstake
DA:68,0
BRDA:68,0,0,-
BRDA:68,0,1,-
DA:69,0
DA:72,0
DA:73,0
DA:74,0
BRDA:74,1,0,-
BRDA:74,1,1,-
DA:75,0
BRDA:75,2,0,-
BRDA:75,2,1,-
DA:76,0
DA:78,0
DA:79,0
DA:80,0
DA:81,0
DA:85,0
DA:87,0
FN:91,VVVS1NFTStaking.getStakes
FNDA:0,VVVS1NFTStaking.getStakes
DA:92,0
FN:96,VVVS1NFTStaking.onERC721Received
FNDA:0,VVVS1NFTStaking.onERC721Received
DA:102,0
FNF:5
FNH:0
LF:22
LH:0
BRF:6
BRH:0
end_of_record
TN:
SF:contracts/tokens/VvvToken.sol
FN:13,VVVToken.
FNDA:0,VVVToken.
DA:22,0
FN:25,VVVToken.mint
FNDA:0,VVVToken.mint
DA:26,0
FNF:2
FNH:0
LF:2
LH:0
BRF:0
BRH:0
end_of_record
TN:
SF:contracts/vc/VVVVCInvestmentLedger.sol
FN:117,VVVVCInvestmentLedger.
FNDA:0,VVVVCInvestmentLedger.
DA:123,0
DA:124,0
DA:127,0
FN:141,VVVVCInvestmentLedger.invest
FNDA:0,VVVVCInvestmentLedger.invest
DA:143,0
BRDA:143,0,0,-
BRDA:143,0,1,-
DA:146,0
BRDA:146,1,0,-
BRDA:146,1,1,-
DA:147,0
DA:152,0
DA:153,0
BRDA:151,2,0,-
BRDA:151,2,1,-
DA:155,0
DA:159,0
DA:162,0
DA:165,0
DA:169,0
DA:170,0
DA:176,0
DA:177,0
BRDA:175,3,0,-
BRDA:175,3,1,-
DA:179,0
DA:183,0
DA:186,0
DA:189,0
DA:196,0
FN:212,VVVVCInvestmentLedger._isSignatureValid
FNDA:0,VVVVCInvestmentLedger._isSignatureValid
DA:213,0
DA:235,0
DA:237,0
DA:238,0
DA:239,0
FN:243,VVVVCInvestmentLedger.isSignatureValid
FNDA:0,VVVVCInvestmentLedger.isSignatureValid
DA:244,0
FN:248,VVVVCInvestmentLedger.withdraw
FNDA:0,VVVVCInvestmentLedger.withdraw
DA:249,0
FN:256,VVVVCInvestmentLedger.addInvestmentRecords
FNDA:0,VVVVCInvestmentLedger.addInvestmentRecords
DA:262,0
DA:263,0
BRDA:261,4,0,-
BRDA:261,4,1,-
DA:265,0
DA:268,0
DA:269,0
DA:270,0
DA:271,0
DA:273,0
DA:274,0
DA:275,0
FN:280,VVVVCInvestmentLedger.setInvestmentIsPaused
FNDA:0,VVVVCInvestmentLedger.setInvestmentIsPaused
DA:281,0
FNF:7
FNH:0
LF:39
LH:0
BRF:10
BRH:0
end_of_record
TN:
SF:contracts/vc/VVVVCTokenDistributor.sol
FN:86,VVVVCTokenDistributor.
FNDA:0,VVVVCTokenDistributor.
DA:91,0
DA:94,0
FN:108,VVVVCTokenDistributor.claim
FNDA:526,VVVVCTokenDistributor.claim
DA:110,526
DA:112,526
BRDA:112,0,0,526
BRDA:112,0,1,524
DA:113,2
DA:116,524
BRDA:116,1,0,524
BRDA:116,1,1,523
DA:117,1
DA:120,523
BRDA:120,2,0,523
BRDA:120,2,1,441
DA:121,82
DA:124,441
BRDA:124,3,0,441
BRDA:124,3,1,334
DA:125,107
DA:129,334
DA:132,334
DA:135,334
DA:136,12931
DA:143,263
FN:153,VVVVCTokenDistributor.isSignatureValid
FNDA:3,VVVVCTokenDistributor.isSignatureValid
DA:154,3
FN:162,VVVVCTokenDistributor._isSignatureValid
FNDA:444,VVVVCTokenDistributor._isSignatureValid
DA:163,444
DA:182,444
DA:184,444
DA:185,444
DA:186,444
FN:190,VVVVCTokenDistributor.setClaimIsPaused
FNDA:6,VVVVCTokenDistributor.setClaimIsPaused
DA:191,5
FNF:5
FNH:4
LF:23
LH:21
BRF:8
BRH:8
end_of_record
TN:
SF:contracts/vesting/VVVVesting.sol
FN:124,VVVVesting.
FNDA:0,VVVVesting.
DA:128,0
BRDA:128,0,0,-
BRDA:128,0,1,-
DA:129,0
DA:132,0
FN:142,VVVVesting.withdrawVestedTokens
FNDA:0,VVVVesting.withdrawVestedTokens
DA:147,0
DA:149,0
BRDA:149,1,0,-
BRDA:149,1,1,-
DA:150,0
DA:153,0
DA:156,0
DA:157,0
BRDA:155,2,0,-
BRDA:155,2,1,-
DA:159,0
DA:162,0
DA:164,0
DA:166,0
DA:173,0
FN:191,VVVVesting._setVestingSchedule
FNDA:0,VVVVesting._setVestingSchedule
DA:192,0
DA:194,0
BRDA:194,3,0,-
BRDA:194,3,1,-
DA:195,0
DA:196,0
BRDA:196,4,0,-
BRDA:196,4,1,-
DA:197,0
DA:199,0
DA:202,0
FN:226,VVVVesting.getVestedAmount
FNDA:0,VVVVesting.getVestedAmount
DA:230,0
DA:233,0
DA:234,0
DA:235,0
BRDA:232,5,0,-
BRDA:232,5,1,-
DA:237,0
DA:238,0
BRDA:238,6,0,-
BRDA:238,6,1,-
DA:239,0
DA:241,0
DA:242,0
DA:245,0
DA:248,0
DA:251,0
DA:260,0
FN:273,VVVVesting.calculateVestedAmountAtInterval
FNDA:0,VVVVesting.calculateVestedAmountAtInterval
DA:278,0
BRDA:278,7,0,-
BRDA:278,7,1,-
DA:279,0
DA:281,0
DA:282,0
DA:283,0
DA:286,0
DA:292,0
DA:295,0
DA:299,0
FN:317,VVVVesting.setVestingSchedule
FNDA:0,VVVVesting.setVestingSchedule
DA:329,0
DA:330,0
DA:331,0
DA:332,0
DA:333,0
DA:334,0
DA:335,0
DA:336,0
DA:337,0
DA:339,0
DA:345,0
FN:353,VVVVesting.batchSetVestingSchedule
FNDA:0,VVVVesting.batchSetVestingSchedule
DA:354,0
DA:355,0
FN:365,VVVVesting.removeVestingSchedule
FNDA:0,VVVVesting.removeVestingSchedule
DA:369,0
DA:370,0
FN:380,VVVVesting.setVestedToken
FNDA:0,VVVVesting.setVestedToken
DA:381,0
BRDA:381,8,0,-
BRDA:381,8,1,-
DA:382,0
DA:385,0
DA:386,0
FN:392,VVVVesting.withdrawVvv
FNDA:0,VVVVesting.withdrawVvv
DA:393,0
FNF:10
FNH:0
LF:63
LH:0
BRF:18
BRH:0
end_of_record
TN:
SF:test/nodes/VVVNodesTestBase.sol
FN:34,VVVNodesTestBase.advanceBlockNumberAndTimestampInBlocks
FNDA:0,VVVNodesTestBase.advanceBlockNumberAndTimestampInBlocks
DA:35,0
DA:36,0
DA:37,0
DA:38,0
FN:41,VVVNodesTestBase.advanceBlockNumberAndTimestampInSeconds
FNDA:0,VVVNodesTestBase.advanceBlockNumberAndTimestampInSeconds
DA:42,0
DA:43,0
DA:44,0
DA:45,0
FNF:2
FNH:0
LF:8
LH:0
BRF:0
BRH:0
end_of_record
TN:
SF:test/staking/VVVStakingTestBase.sol
FN:49,VVVStakingTestBase.advanceBlockNumberAndTimestampInBlocks
FNDA:0,VVVStakingTestBase.advanceBlockNumberAndTimestampInBlocks
DA:50,0
DA:51,0
DA:52,0
DA:53,0
FN:56,VVVStakingTestBase.advanceBlockNumberAndTimestampInSeconds
FNDA:0,VVVStakingTestBase.advanceBlockNumberAndTimestampInSeconds
DA:57,0
DA:58,0
DA:59,0
DA:60,0
FN:63,VVVStakingTestBase.setDefaultLaunchpadStakingDurations
FNDA:0,VVVStakingTestBase.setDefaultLaunchpadStakingDurations
DA:64,0
DA:65,0
DA:66,0
DA:67,0
DA:68,0
DA:69,0
FNF:3
FNH:0
LF:14
LH:0
BRF:0
BRH:0
end_of_record
TN:
SF:test/utils/NonReceivable.sol
FN:8,NonReceivable.
FNDA:0,NonReceivable.
FN:14,NonReceivable.
FNDA:0,NonReceivable.
DA:15,0
FNF:2
FNH:0
LF:1
LH:0
BRF:0
BRH:0
end_of_record
TN:
SF:test/vc/VVVVCTestBase.sol
FN:88,VVVVCTestBase.generateUserAddressListAndDealEtherAndToken
FNDA:0,VVVVCTestBase.generateUserAddressListAndDealEtherAndToken
DA:89,0
DA:90,0
DA:91,0
DA:92,0
DA:95,0
DA:96,0
FN:99,VVVVCTestBase.advanceBlockNumberAndTimestampInBlocks
FNDA:0,VVVVCTestBase.advanceBlockNumberAndTimestampInBlocks
DA:100,0
DA:101,0
DA:102,0
DA:103,0
FN:106,VVVVCTestBase.advanceBlockNumberAndTimestampInSeconds
FNDA:0,VVVVCTestBase.advanceBlockNumberAndTimestampInSeconds
DA:107,0
DA:108,0
DA:109,0
DA:110,0
FN:113,VVVVCTestBase.sum
FNDA:0,VVVVCTestBase.sum
DA:114,2
DA:115,2
DA:116,6
DA:118,2
FN:122,VVVVCTestBase.toBytesConcat
FNDA:0,VVVVCTestBase.toBytesConcat
DA:123,528
DA:124,528
DA:125,16896
DA:126,16896
DA:128,528
DA:129,528
FN:132,VVVVCTestBase.getEIP712SignatureForInvest
FNDA:0,VVVVCTestBase.getEIP712SignatureForInvest
DA:137,0
DA:159,0
DA:160,0
DA:162,0
FN:165,VVVVCTestBase.generateInvestParamsWithSignature
FNDA:0,VVVVCTestBase.generateInvestParamsWithSignature
DA:176,0
DA:191,0
DA:193,0
DA:195,0
FN:198,VVVVCTestBase.investAsUser
FNDA:0,VVVVCTestBase.investAsUser
DA:199,0
DA:200,0
DA:201,0
DA:202,0
FN:205,VVVVCTestBase.batchInvestAsUser
FNDA:0,VVVVCTestBase.batchInvestAsUser
DA:210,0
DA:211,0
DA:212,0
DA:223,0
FN:227,VVVVCTestBase.getEIP712SignatureForClaim
FNDA:0,VVVVCTestBase.getEIP712SignatureForClaim
DA:232,528
DA:251,528
DA:252,528
DA:254,528
FN:257,VVVVCTestBase.generateClaimParamsWithSignature
FNDA:0,VVVVCTestBase.generateClaimParamsWithSignature
DA:263,528
DA:274,528
DA:276,528
DA:278,528
FN:281,VVVVCTestBase.claimAsUser
FNDA:0,VVVVCTestBase.claimAsUser
DA:282,523
DA:283,523
DA:284,523
FNF:12
FNH:0
LF:51
LH:21
BRF:0
BRH:0
end_of_record
TN:
SF:test/vesting/VVVVestingTestBase.sol
FN:47,VVVVestingTestBase.advanceBlockNumberAndTimestampInBlocks
FNDA:0,VVVVestingTestBase.advanceBlockNumberAndTimestampInBlocks
DA:48,0
DA:49,0
DA:50,0
DA:51,0
FN:54,VVVVestingTestBase.advanceBlockNumberAndTimestampInSeconds
FNDA:0,VVVVestingTestBase.advanceBlockNumberAndTimestampInSeconds
DA:55,0
DA:56,0
DA:57,0
DA:58,0
FN:61,VVVVestingTestBase.setVestingScheduleFromManager
FNDA:0,VVVVestingTestBase.setVestingScheduleFromManager
DA:73,0
DA:74,0
DA:86,0
FN:89,VVVVestingTestBase.removeVestingScheduleFromManager
FNDA:0,VVVVestingTestBase.removeVestingScheduleFromManager
DA:90,0
DA:91,0
DA:92,0
FN:95,VVVVestingTestBase.withdrawVestedTokensAsUser
FNDA:0,VVVVestingTestBase.withdrawVestedTokensAsUser
DA:101,0
DA:102,0
DA:103,0
FN:108,VVVVestingTestBase.generateSetVestingScheduleData
FNDA:0,VVVVestingTestBase.generateSetVestingScheduleData
DA:113,0
DA:114,0
DA:116,0
BRDA:116,0,0,-
BRDA:116,0,1,-
DA:117,0
DA:118,0
DA:121,0
DA:122,0
DA:125,0
DA:128,0
DA:131,0
DA:132,0
DA:133,0
DA:138,0
BRDA:137,1,0,-
BRDA:137,1,1,-
DA:140,0
DA:141,0
DA:144,0
DA:145,0
DA:146,0
DA:151,0
DA:154,0
DA:155,0
DA:156,0
DA:161,0
DA:164,0
FNF:6
FNH:0
LF:41
LH:0
BRF:4
BRH:0
end_of_record
